<?xml version="1.0" encoding="UTF-8"?>
<!-- Generated by org.testng.reporters.JUnitXMLReporter -->
<testsuite ignored="0" hostname="Kapil-A-QA" failures="0" tests="4" name="CTA_Premium_Page" time="25.169" errors="0" timestamp="2023-07-17T15:17:30 IST">
  <testcase classname="careers_360_test.CTA_Premium_Test" name="click_On_Premium" time="2.802"/>
  <testcase classname="careers_360_test.CTA_Premium_Test" name="click_On_Frame" time="0.147"/>
  <testcase classname="careers_360_test.CTA_Premium_Test" name="get_Signup_Text" time="0.029"/>
  <testcase classname="careers_360_test.CTA_Premium_Test" name="singin_details" time="9.343"/>
</testsuite> <!-- CTA_Premium_Page -->
