<?xml version="1.0" encoding="UTF-8"?>
<!-- Generated by org.testng.reporters.JUnitXMLReporter -->
<testsuite ignored="0" hostname="Kapil-A-QA" failures="0" tests="5" name="CTA_Fees_Structure_Page" time="28.301" errors="0" timestamp="2023-07-17T16:37:33 IST">
  <testcase classname="careers_360_test.CTA_Fees_Structure_Test" name="clickon_Fees_button_Module" time="3.663"/>
  <testcase classname="careers_360_test.CTA_Fees_Structure_Test" name="click_on_get_Course_List" time="2.162"/>
  <testcase classname="careers_360_test.CTA_Fees_Structure_Test" name="click_On_Frame" time="0.033"/>
  <testcase classname="careers_360_test.CTA_Fees_Structure_Test" name="get_Signup_Text" time="0.026"/>
  <testcase classname="careers_360_test.CTA_Fees_Structure_Test" name="singin_details" time="9.304"/>
</testsuite> <!-- CTA_Fees_Structure_Page -->
