<?xml version="1.0" encoding="UTF-8"?>
<!-- Generated by org.testng.reporters.JUnitXMLReporter -->
<testsuite ignored="0" hostname="Kapil-A-QA" failures="0" tests="4" name="CTA_Login_Page" time="25.381" errors="0" timestamp="2023-07-17T15:13:51 IST">
  <testcase classname="careers_360_test.CTA_Login_Test" name="click_On_Login" time="3.048"/>
  <testcase classname="careers_360_test.CTA_Login_Test" name="click_On_Frame" time="0.045"/>
  <testcase classname="careers_360_test.CTA_Login_Test" name="get_Signup_Text" time="0.06"/>
  <testcase classname="careers_360_test.CTA_Login_Test" name="singin_details" time="9.263"/>
</testsuite> <!-- CTA_Login_Page -->
