<?xml version="1.0" encoding="UTF-8"?>
<!-- Generated by org.testng.reporters.JUnitXMLReporter -->
<testsuite ignored="0" hostname="Kapil-A-QA" failures="0" tests="1" name="IIT_Delhi_College_temp" time="0.541" errors="0" timestamp="2023-06-08T15:11:43 IST">
  <testcase classname="careers_360_test.temp1" name="@BeforeTest geturllaunch" time="0.489">
    <failure type="java.lang.StackOverflowError">
      <![CDATA[java.lang.StackOverflowError
at java.base/java.nio.CharBuffer.<init>(CharBuffer.java:288)
at java.base/java.nio.HeapCharBuffer.<init>(HeapCharBuffer.java:78)
at java.base/java.nio.CharBuffer.wrap(CharBuffer.java:408)
at java.base/sun.nio.cs.StreamEncoder.implWrite(StreamEncoder.java:281)
at java.base/sun.nio.cs.StreamEncoder.write(StreamEncoder.java:132)
at java.base/java.io.OutputStreamWriter.write(OutputStreamWriter.java:205)
at java.base/java.io.BufferedWriter.flushBuffer(BufferedWriter.java:120)
at java.base/java.io.PrintStream.writeln(PrintStream.java:722)
at java.base/java.io.PrintStream.println(PrintStream.java:1028)
at baselibrary.Baselibrary.getreaddata(Baselibrary.java:47)
at careers_360_test.temp1.geturllaunch(temp1.java:20)
at careers_360_test.temp1.geturllaunch(temp1.java:20)
at careers_360_test.temp1.geturllaunch(temp1.java:20)
at careers_360_test.temp1.geturllaunch(temp1.java:20)
at careers_360_test.temp1.geturllaunch(temp1.java:20)
at careers_360_test.temp1.geturllaunch(temp1.java:20)
at careers_360_test.temp1.geturllaunch(temp1.java:20)
at careers_360_test.temp1.geturllaunch(temp1.java:20)
at careers_360_test.temp1.geturllaunch(temp1.java:20)
at careers_360_test.temp1.geturllaunch(temp1.java:20)
at careers_360_test.temp1.geturllaunch(temp1.java:20)
at careers_360_test.temp1.geturllaunch(temp1.java:20)
at careers_360_test.temp1.geturllaunch(temp1.java:20)
at careers_360_test.temp1.geturllaunch(temp1.java:20)
at careers_360_test.temp1.geturllaunch(temp1.java:20)
at careers_360_test.temp1.geturllaunch(temp1.java:20)
at careers_360_test.temp1.geturllaunch(temp1.java:20)
at careers_360_test.temp1.geturllaunch(temp1.java:20)
at careers_360_test.temp1.geturllaunch(temp1.java:20)
at careers_360_test.temp1.geturllaunch(temp1.java:20)
at careers_360_test.temp1.geturllaunch(temp1.java:20)
at careers_360_test.temp1.geturllaunch(temp1.java:20)
at careers_360_test.temp1.geturllaunch(temp1.java:20)
at careers_360_test.temp1.geturllaunch(temp1.java:20)
at careers_360_test.temp1.geturllaunch(temp1.java:20)
at careers_360_test.temp1.geturllaunch(temp1.java:20)
at careers_360_test.temp1.geturllaunch(temp1.java:20)
at careers_360_test.temp1.geturllaunch(temp1.java:20)
at careers_360_test.temp1.geturllaunch(temp1.java:20)
at careers_360_test.temp1.geturllaunch(temp1.java:20)
at careers_360_test.temp1.geturllaunch(temp1.java:20)
at careers_360_test.temp1.geturllaunch(temp1.java:20)
at careers_360_test.temp1.geturllaunch(temp1.java:20)
at careers_360_test.temp1.geturllaunch(temp1.java:20)
at careers_360_test.temp1.geturllaunch(temp1.java:20)
at careers_360_test.temp1.geturllaunch(temp1.java:20)
at careers_360_test.temp1.geturllaunch(temp1.java:20)
at careers_360_test.temp1.geturllaunch(temp1.java:20)
at careers_360_test.temp1.geturllaunch(temp1.java:20)
at careers_360_test.temp1.geturllaunch(temp1.java:20)
at careers_360_test.temp1.geturllaunch(temp1.java:20)
at careers_360_test.temp1.geturllaunch(temp1.java:20)
at careers_360_test.temp1.geturllaunch(temp1.java:20)
at careers_360_test.temp1.geturllaunch(temp1.java:20)
at careers_360_test.temp1.geturllaunch(temp1.java:20)
at careers_360_test.temp1.geturllaunch(temp1.java:20)
at careers_360_test.temp1.geturllaunch(temp1.java:20)
at careers_360_test.temp1.geturllaunch(temp1.java:20)
at careers_360_test.temp1.geturllaunch(temp1.java:20)
at careers_360_test.temp1.geturllaunch(temp1.java:20)
at careers_360_test.temp1.geturllaunch(temp1.java:20)
at careers_360_test.temp1.geturllaunch(temp1.java:20)
at careers_360_test.temp1.geturllaunch(temp1.java:20)
at careers_360_test.temp1.geturllaunch(temp1.java:20)
at careers_360_test.temp1.geturllaunch(temp1.java:20)
at careers_360_test.temp1.geturllaunch(temp1.java:20)
at careers_360_test.temp1.geturllaunch(temp1.java:20)
at careers_360_test.temp1.geturllaunch(temp1.java:20)
at careers_360_test.temp1.geturllaunch(temp1.java:20)
at careers_360_test.temp1.geturllaunch(temp1.java:20)
at careers_360_test.temp1.geturllaunch(temp1.java:20)
at careers_360_test.temp1.geturllaunch(temp1.java:20)
at careers_360_test.temp1.geturllaunch(temp1.java:20)
at careers_360_test.temp1.geturllaunch(temp1.java:20)
at careers_360_test.temp1.geturllaunch(temp1.java:20)
at careers_360_test.temp1.geturllaunch(temp1.java:20)
at careers_360_test.temp1.geturllaunch(temp1.java:20)
at careers_360_test.temp1.geturllaunch(temp1.java:20)
at careers_360_test.temp1.geturllaunch(temp1.java:20)
at careers_360_test.temp1.geturllaunch(temp1.java:20)
at careers_360_test.temp1.geturllaunch(temp1.java:20)
at careers_360_test.temp1.geturllaunch(temp1.java:20)
at careers_360_test.temp1.geturllaunch(temp1.java:20)
at careers_360_test.temp1.geturllaunch(temp1.java:20)
at careers_360_test.temp1.geturllaunch(temp1.java:20)
at careers_360_test.temp1.geturllaunch(temp1.java:20)
at careers_360_test.temp1.geturllaunch(temp1.java:20)
at careers_360_test.temp1.geturllaunch(temp1.java:20)
at careers_360_test.temp1.geturllaunch(temp1.java:20)
at careers_360_test.temp1.geturllaunch(temp1.java:20)
at careers_360_test.temp1.geturllaunch(temp1.java:20)
at careers_360_test.temp1.geturllaunch(temp1.java:20)
at careers_360_test.temp1.geturllaunch(temp1.java:20)
at careers_360_test.temp1.geturllaunch(temp1.java:20)
at careers_360_test.temp1.geturllaunch(temp1.java:20)
at careers_360_test.temp1.geturllaunch(temp1.java:20)
at careers_360_test.temp1.geturllaunch(temp1.java:20)
at careers_360_test.temp1.geturllaunch(temp1.java:20)
at careers_360_test.temp1.geturllaunch(temp1.java:20)
at careers_360_test.temp1.geturllaunch(temp1.java:20)
at careers_360_test.temp1.geturllaunch(temp1.java:20)
at careers_360_test.temp1.geturllaunch(temp1.java:20)
at careers_360_test.temp1.geturllaunch(temp1.java:20)
at careers_360_test.temp1.geturllaunch(temp1.java:20)
at careers_360_test.temp1.geturllaunch(temp1.java:20)
at careers_360_test.temp1.geturllaunch(temp1.java:20)
at careers_360_test.temp1.geturllaunch(temp1.java:20)
at careers_360_test.temp1.geturllaunch(temp1.java:20)
at careers_360_test.temp1.geturllaunch(temp1.java:20)
at careers_360_test.temp1.geturllaunch(temp1.java:20)
at careers_360_test.temp1.geturllaunch(temp1.java:20)
at careers_360_test.temp1.geturllaunch(temp1.java:20)
at careers_360_test.temp1.geturllaunch(temp1.java:20)
at careers_360_test.temp1.geturllaunch(temp1.java:20)
at careers_360_test.temp1.geturllaunch(temp1.java:20)
at careers_360_test.temp1.geturllaunch(temp1.java:20)
at careers_360_test.temp1.geturllaunch(temp1.java:20)
at careers_360_test.temp1.geturllaunch(temp1.java:20)
at careers_360_test.temp1.geturllaunch(temp1.java:20)
at careers_360_test.temp1.geturllaunch(temp1.java:20)
at careers_360_test.temp1.geturllaunch(temp1.java:20)
at careers_360_test.temp1.geturllaunch(temp1.java:20)
at careers_360_test.temp1.geturllaunch(temp1.java:20)
at careers_360_test.temp1.geturllaunch(temp1.java:20)
at careers_360_test.temp1.geturllaunch(temp1.java:20)
at careers_360_test.temp1.geturllaunch(temp1.java:20)
at careers_360_test.temp1.geturllaunch(temp1.java:20)
at careers_360_test.temp1.geturllaunch(temp1.java:20)
at careers_360_test.temp1.geturllaunch(temp1.java:20)
at careers_360_test.temp1.geturllaunch(temp1.java:20)
at careers_360_test.temp1.geturllaunch(temp1.java:20)
at careers_360_test.temp1.geturllaunch(temp1.java:20)
at careers_360_test.temp1.geturllaunch(temp1.java:20)
at careers_360_test.temp1.geturllaunch(temp1.java:20)
at careers_360_test.temp1.geturllaunch(temp1.java:20)
at careers_360_test.temp1.geturllaunch(temp1.java:20)
at careers_360_test.temp1.geturllaunch(temp1.java:20)
at careers_360_test.temp1.geturllaunch(temp1.java:20)
at careers_360_test.temp1.geturllaunch(temp1.java:20)
at careers_360_test.temp1.geturllaunch(temp1.java:20)
at careers_360_test.temp1.geturllaunch(temp1.java:20)
at careers_360_test.temp1.geturllaunch(temp1.java:20)
at careers_360_test.temp1.geturllaunch(temp1.java:20)
at careers_360_test.temp1.geturllaunch(temp1.java:20)
at careers_360_test.temp1.geturllaunch(temp1.java:20)
at careers_360_test.temp1.geturllaunch(temp1.java:20)
at careers_360_test.temp1.geturllaunch(temp1.java:20)
at careers_360_test.temp1.geturllaunch(temp1.java:20)
at careers_360_test.temp1.geturllaunch(temp1.java:20)
at careers_360_test.temp1.geturllaunch(temp1.java:20)
at careers_360_test.temp1.geturllaunch(temp1.java:20)
at careers_360_test.temp1.geturllaunch(temp1.java:20)
at careers_360_test.temp1.geturllaunch(temp1.java:20)
at careers_360_test.temp1.geturllaunch(temp1.java:20)
at careers_360_test.temp1.geturllaunch(temp1.java:20)
at careers_360_test.temp1.geturllaunch(temp1.java:20)
at careers_360_test.temp1.geturllaunch(temp1.java:20)
at careers_360_test.temp1.geturllaunch(temp1.java:20)
at careers_360_test.temp1.geturllaunch(temp1.java:20)
at careers_360_test.temp1.geturllaunch(temp1.java:20)
at careers_360_test.temp1.geturllaunch(temp1.java:20)
at careers_360_test.temp1.geturllaunch(temp1.java:20)
at careers_360_test.temp1.geturllaunch(temp1.java:20)
at careers_360_test.temp1.geturllaunch(temp1.java:20)
at careers_360_test.temp1.geturllaunch(temp1.java:20)
at careers_360_test.temp1.geturllaunch(temp1.java:20)
at careers_360_test.temp1.geturllaunch(temp1.java:20)
at careers_360_test.temp1.geturllaunch(temp1.java:20)
at careers_360_test.temp1.geturllaunch(temp1.java:20)
at careers_360_test.temp1.geturllaunch(temp1.java:20)
at careers_360_test.temp1.geturllaunch(temp1.java:20)
at careers_360_test.temp1.geturllaunch(temp1.java:20)
at careers_360_test.temp1.geturllaunch(temp1.java:20)
at careers_360_test.temp1.geturllaunch(temp1.java:20)
at careers_360_test.temp1.geturllaunch(temp1.java:20)
at careers_360_test.temp1.geturllaunch(temp1.java:20)
at careers_360_test.temp1.geturllaunch(temp1.java:20)
at careers_360_test.temp1.geturllaunch(temp1.java:20)
at careers_360_test.temp1.geturllaunch(temp1.java:20)
at careers_360_test.temp1.geturllaunch(temp1.java:20)
at careers_360_test.temp1.geturllaunch(temp1.java:20)
at careers_360_test.temp1.geturllaunch(temp1.java:20)
at careers_360_test.temp1.geturllaunch(temp1.java:20)
at careers_360_test.temp1.geturllaunch(temp1.java:20)
at careers_360_test.temp1.geturllaunch(temp1.java:20)
at careers_360_test.temp1.geturllaunch(temp1.java:20)
at careers_360_test.temp1.geturllaunch(temp1.java:20)
at careers_360_test.temp1.geturllaunch(temp1.java:20)
at careers_360_test.temp1.geturllaunch(temp1.java:20)
at careers_360_test.temp1.geturllaunch(temp1.java:20)
at careers_360_test.temp1.geturllaunch(temp1.java:20)
at careers_360_test.temp1.geturllaunch(temp1.java:20)
at careers_360_test.temp1.geturllaunch(temp1.java:20)
at careers_360_test.temp1.geturllaunch(temp1.java:20)
at careers_360_test.temp1.geturllaunch(temp1.java:20)
at careers_360_test.temp1.geturllaunch(temp1.java:20)
at careers_360_test.temp1.geturllaunch(temp1.java:20)
at careers_360_test.temp1.geturllaunch(temp1.java:20)
at careers_360_test.temp1.geturllaunch(temp1.java:20)
at careers_360_test.temp1.geturllaunch(temp1.java:20)
at careers_360_test.temp1.geturllaunch(temp1.java:20)
at careers_360_test.temp1.geturllaunch(temp1.java:20)
at careers_360_test.temp1.geturllaunch(temp1.java:20)
at careers_360_test.temp1.geturllaunch(temp1.java:20)
at careers_360_test.temp1.geturllaunch(temp1.java:20)
at careers_360_test.temp1.geturllaunch(temp1.java:20)
at careers_360_test.temp1.geturllaunch(temp1.java:20)
at careers_360_test.temp1.geturllaunch(temp1.java:20)
at careers_360_test.temp1.geturllaunch(temp1.java:20)
at careers_360_test.temp1.geturllaunch(temp1.java:20)
at careers_360_test.temp1.geturllaunch(temp1.java:20)
at careers_360_test.temp1.geturllaunch(temp1.java:20)
at careers_360_test.temp1.geturllaunch(temp1.java:20)
at careers_360_test.temp1.geturllaunch(temp1.java:20)
at careers_360_test.temp1.geturllaunch(temp1.java:20)
at careers_360_test.temp1.geturllaunch(temp1.java:20)
at careers_360_test.temp1.geturllaunch(temp1.java:20)
at careers_360_test.temp1.geturllaunch(temp1.java:20)
at careers_360_test.temp1.geturllaunch(temp1.java:20)
at careers_360_test.temp1.geturllaunch(temp1.java:20)
at careers_360_test.temp1.geturllaunch(temp1.java:20)
at careers_360_test.temp1.geturllaunch(temp1.java:20)
at careers_360_test.temp1.geturllaunch(temp1.java:20)
at careers_360_test.temp1.geturllaunch(temp1.java:20)
at careers_360_test.temp1.geturllaunch(temp1.java:20)
at careers_360_test.temp1.geturllaunch(temp1.java:20)
at careers_360_test.temp1.geturllaunch(temp1.java:20)
at careers_360_test.temp1.geturllaunch(temp1.java:20)
at careers_360_test.temp1.geturllaunch(temp1.java:20)
at careers_360_test.temp1.geturllaunch(temp1.java:20)
at careers_360_test.temp1.geturllaunch(temp1.java:20)
at careers_360_test.temp1.geturllaunch(temp1.java:20)
at careers_360_test.temp1.geturllaunch(temp1.java:20)
at careers_360_test.temp1.geturllaunch(temp1.java:20)
at careers_360_test.temp1.geturllaunch(temp1.java:20)
at careers_360_test.temp1.geturllaunch(temp1.java:20)
at careers_360_test.temp1.geturllaunch(temp1.java:20)
at careers_360_test.temp1.geturllaunch(temp1.java:20)
at careers_360_test.temp1.geturllaunch(temp1.java:20)
at careers_360_test.temp1.geturllaunch(temp1.java:20)
at careers_360_test.temp1.geturllaunch(temp1.java:20)
at careers_360_test.temp1.geturllaunch(temp1.java:20)
at careers_360_test.temp1.geturllaunch(temp1.java:20)
at careers_360_test.temp1.geturllaunch(temp1.java:20)
at careers_360_test.temp1.geturllaunch(temp1.java:20)
at careers_360_test.temp1.geturllaunch(temp1.java:20)
at careers_360_test.temp1.geturllaunch(temp1.java:20)
at careers_360_test.temp1.geturllaunch(temp1.java:20)
at careers_360_test.temp1.geturllaunch(temp1.java:20)
at careers_360_test.temp1.geturllaunch(temp1.java:20)
at careers_360_test.temp1.geturllaunch(temp1.java:20)
at careers_360_test.temp1.geturllaunch(temp1.java:20)
at careers_360_test.temp1.geturllaunch(temp1.java:20)
at careers_360_test.temp1.geturllaunch(temp1.java:20)
at careers_360_test.temp1.geturllaunch(temp1.java:20)
at careers_360_test.temp1.geturllaunch(temp1.java:20)
at careers_360_test.temp1.geturllaunch(temp1.java:20)
at careers_360_test.temp1.geturllaunch(temp1.java:20)
at careers_360_test.temp1.geturllaunch(temp1.java:20)
at careers_360_test.temp1.geturllaunch(temp1.java:20)
at careers_360_test.temp1.geturllaunch(temp1.java:20)
at careers_360_test.temp1.geturllaunch(temp1.java:20)
at careers_360_test.temp1.geturllaunch(temp1.java:20)
at careers_360_test.temp1.geturllaunch(temp1.java:20)
at careers_360_test.temp1.geturllaunch(temp1.java:20)
at careers_360_test.temp1.geturllaunch(temp1.java:20)
at careers_360_test.temp1.geturllaunch(temp1.java:20)
at careers_360_test.temp1.geturllaunch(temp1.java:20)
at careers_360_test.temp1.geturllaunch(temp1.java:20)
at careers_360_test.temp1.geturllaunch(temp1.java:20)
at careers_360_test.temp1.geturllaunch(temp1.java:20)
at careers_360_test.temp1.geturllaunch(temp1.java:20)
at careers_360_test.temp1.geturllaunch(temp1.java:20)
at careers_360_test.temp1.geturllaunch(temp1.java:20)
at careers_360_test.temp1.geturllaunch(temp1.java:20)
at careers_360_test.temp1.geturllaunch(temp1.java:20)
at careers_360_test.temp1.geturllaunch(temp1.java:20)
at careers_360_test.temp1.geturllaunch(temp1.java:20)
at careers_360_test.temp1.geturllaunch(temp1.java:20)
at careers_360_test.temp1.geturllaunch(temp1.java:20)
at careers_360_test.temp1.geturllaunch(temp1.java:20)
at careers_360_test.temp1.geturllaunch(temp1.java:20)
at careers_360_test.temp1.geturllaunch(temp1.java:20)
at careers_360_test.temp1.geturllaunch(temp1.java:20)
at careers_360_test.temp1.geturllaunch(temp1.java:20)
at careers_360_test.temp1.geturllaunch(temp1.java:20)
at careers_360_test.temp1.geturllaunch(temp1.java:20)
at careers_360_test.temp1.geturllaunch(temp1.java:20)
at careers_360_test.temp1.geturllaunch(temp1.java:20)
at careers_360_test.temp1.geturllaunch(temp1.java:20)
at careers_360_test.temp1.geturllaunch(temp1.java:20)
at careers_360_test.temp1.geturllaunch(temp1.java:20)
at careers_360_test.temp1.geturllaunch(temp1.java:20)
at careers_360_test.temp1.geturllaunch(temp1.java:20)
at careers_360_test.temp1.geturllaunch(temp1.java:20)
at careers_360_test.temp1.geturllaunch(temp1.java:20)
at careers_360_test.temp1.geturllaunch(temp1.java:20)
at careers_360_test.temp1.geturllaunch(temp1.java:20)
at careers_360_test.temp1.geturllaunch(temp1.java:20)
at careers_360_test.temp1.geturllaunch(temp1.java:20)
at careers_360_test.temp1.geturllaunch(temp1.java:20)
at careers_360_test.temp1.geturllaunch(temp1.java:20)
at careers_360_test.temp1.geturllaunch(temp1.java:20)
at careers_360_test.temp1.geturllaunch(temp1.java:20)
at careers_360_test.temp1.geturllaunch(temp1.java:20)
at careers_360_test.temp1.geturllaunch(temp1.java:20)
at careers_360_test.temp1.geturllaunch(temp1.java:20)
at careers_360_test.temp1.geturllaunch(temp1.java:20)
at careers_360_test.temp1.geturllaunch(temp1.java:20)
at careers_360_test.temp1.geturllaunch(temp1.java:20)
at careers_360_test.temp1.geturllaunch(temp1.java:20)
at careers_360_test.temp1.geturllaunch(temp1.java:20)
at careers_360_test.temp1.geturllaunch(temp1.java:20)
at careers_360_test.temp1.geturllaunch(temp1.java:20)
at careers_360_test.temp1.geturllaunch(temp1.java:20)
at careers_360_test.temp1.geturllaunch(temp1.java:20)
at careers_360_test.temp1.geturllaunch(temp1.java:20)
at careers_360_test.temp1.geturllaunch(temp1.java:20)
at careers_360_test.temp1.geturllaunch(temp1.java:20)
at careers_360_test.temp1.geturllaunch(temp1.java:20)
at careers_360_test.temp1.geturllaunch(temp1.java:20)
at careers_360_test.temp1.geturllaunch(temp1.java:20)
at careers_360_test.temp1.geturllaunch(temp1.java:20)
at careers_360_test.temp1.geturllaunch(temp1.java:20)
at careers_360_test.temp1.geturllaunch(temp1.java:20)
at careers_360_test.temp1.geturllaunch(temp1.java:20)
at careers_360_test.temp1.geturllaunch(temp1.java:20)
at careers_360_test.temp1.geturllaunch(temp1.java:20)
at careers_360_test.temp1.geturllaunch(temp1.java:20)
at careers_360_test.temp1.geturllaunch(temp1.java:20)
at careers_360_test.temp1.geturllaunch(temp1.java:20)
at careers_360_test.temp1.geturllaunch(temp1.java:20)
at careers_360_test.temp1.geturllaunch(temp1.java:20)
at careers_360_test.temp1.geturllaunch(temp1.java:20)
at careers_360_test.temp1.geturllaunch(temp1.java:20)
at careers_360_test.temp1.geturllaunch(temp1.java:20)
at careers_360_test.temp1.geturllaunch(temp1.java:20)
at careers_360_test.temp1.geturllaunch(temp1.java:20)
at careers_360_test.temp1.geturllaunch(temp1.java:20)
at careers_360_test.temp1.geturllaunch(temp1.java:20)
at careers_360_test.temp1.geturllaunch(temp1.java:20)
at careers_360_test.temp1.geturllaunch(temp1.java:20)
at careers_360_test.temp1.geturllaunch(temp1.java:20)
at careers_360_test.temp1.geturllaunch(temp1.java:20)
at careers_360_test.temp1.geturllaunch(temp1.java:20)
at careers_360_test.temp1.geturllaunch(temp1.java:20)
at careers_360_test.temp1.geturllaunch(temp1.java:20)
at careers_360_test.temp1.geturllaunch(temp1.java:20)
at careers_360_test.temp1.geturllaunch(temp1.java:20)
at careers_360_test.temp1.geturllaunch(temp1.java:20)
at careers_360_test.temp1.geturllaunch(temp1.java:20)
at careers_360_test.temp1.geturllaunch(temp1.java:20)
at careers_360_test.temp1.geturllaunch(temp1.java:20)
at careers_360_test.temp1.geturllaunch(temp1.java:20)
at careers_360_test.temp1.geturllaunch(temp1.java:20)
at careers_360_test.temp1.geturllaunch(temp1.java:20)
at careers_360_test.temp1.geturllaunch(temp1.java:20)
at careers_360_test.temp1.geturllaunch(temp1.java:20)
at careers_360_test.temp1.geturllaunch(temp1.java:20)
at careers_360_test.temp1.geturllaunch(temp1.java:20)
at careers_360_test.temp1.geturllaunch(temp1.java:20)
at careers_360_test.temp1.geturllaunch(temp1.java:20)
at careers_360_test.temp1.geturllaunch(temp1.java:20)
at careers_360_test.temp1.geturllaunch(temp1.java:20)
at careers_360_test.temp1.geturllaunch(temp1.java:20)
at careers_360_test.temp1.geturllaunch(temp1.java:20)
at careers_360_test.temp1.geturllaunch(temp1.java:20)
at careers_360_test.temp1.geturllaunch(temp1.java:20)
at careers_360_test.temp1.geturllaunch(temp1.java:20)
at careers_360_test.temp1.geturllaunch(temp1.java:20)
at careers_360_test.temp1.geturllaunch(temp1.java:20)
at careers_360_test.temp1.geturllaunch(temp1.java:20)
at careers_360_test.temp1.geturllaunch(temp1.java:20)
at careers_360_test.temp1.geturllaunch(temp1.java:20)
at careers_360_test.temp1.geturllaunch(temp1.java:20)
at careers_360_test.temp1.geturllaunch(temp1.java:20)
at careers_360_test.temp1.geturllaunch(temp1.java:20)
at careers_360_test.temp1.geturllaunch(temp1.java:20)
at careers_360_test.temp1.geturllaunch(temp1.java:20)
at careers_360_test.temp1.geturllaunch(temp1.java:20)
at careers_360_test.temp1.geturllaunch(temp1.java:20)
at careers_360_test.temp1.geturllaunch(temp1.java:20)
at careers_360_test.temp1.geturllaunch(temp1.java:20)
at careers_360_test.temp1.geturllaunch(temp1.java:20)
at careers_360_test.temp1.geturllaunch(temp1.java:20)
at careers_360_test.temp1.geturllaunch(temp1.java:20)
at careers_360_test.temp1.geturllaunch(temp1.java:20)
at careers_360_test.temp1.geturllaunch(temp1.java:20)
at careers_360_test.temp1.geturllaunch(temp1.java:20)
at careers_360_test.temp1.geturllaunch(temp1.java:20)
at careers_360_test.temp1.geturllaunch(temp1.java:20)
at careers_360_test.temp1.geturllaunch(temp1.java:20)
at careers_360_test.temp1.geturllaunch(temp1.java:20)
at careers_360_test.temp1.geturllaunch(temp1.java:20)
at careers_360_test.temp1.geturllaunch(temp1.java:20)
at careers_360_test.temp1.geturllaunch(temp1.java:20)
at careers_360_test.temp1.geturllaunch(temp1.java:20)
at careers_360_test.temp1.geturllaunch(temp1.java:20)
at careers_360_test.temp1.geturllaunch(temp1.java:20)
at careers_360_test.temp1.geturllaunch(temp1.java:20)
at careers_360_test.temp1.geturllaunch(temp1.java:20)
at careers_360_test.temp1.geturllaunch(temp1.java:20)
at careers_360_test.temp1.geturllaunch(temp1.java:20)
at careers_360_test.temp1.geturllaunch(temp1.java:20)
at careers_360_test.temp1.geturllaunch(temp1.java:20)
at careers_360_test.temp1.geturllaunch(temp1.java:20)
at careers_360_test.temp1.geturllaunch(temp1.java:20)
at careers_360_test.temp1.geturllaunch(temp1.java:20)
at careers_360_test.temp1.geturllaunch(temp1.java:20)
at careers_360_test.temp1.geturllaunch(temp1.java:20)
at careers_360_test.temp1.geturllaunch(temp1.java:20)
at careers_360_test.temp1.geturllaunch(temp1.java:20)
at careers_360_test.temp1.geturllaunch(temp1.java:20)
at careers_360_test.temp1.geturllaunch(temp1.java:20)
at careers_360_test.temp1.geturllaunch(temp1.java:20)
at careers_360_test.temp1.geturllaunch(temp1.java:20)
at careers_360_test.temp1.geturllaunch(temp1.java:20)
at careers_360_test.temp1.geturllaunch(temp1.java:20)
at careers_360_test.temp1.geturllaunch(temp1.java:20)
at careers_360_test.temp1.geturllaunch(temp1.java:20)
at careers_360_test.temp1.geturllaunch(temp1.java:20)
at careers_360_test.temp1.geturllaunch(temp1.java:20)
at careers_360_test.temp1.geturllaunch(temp1.java:20)
at careers_360_test.temp1.geturllaunch(temp1.java:20)
at careers_360_test.temp1.geturllaunch(temp1.java:20)
at careers_360_test.temp1.geturllaunch(temp1.java:20)
at careers_360_test.temp1.geturllaunch(temp1.java:20)
at careers_360_test.temp1.geturllaunch(temp1.java:20)
at careers_360_test.temp1.geturllaunch(temp1.java:20)
at careers_360_test.temp1.geturllaunch(temp1.java:20)
at careers_360_test.temp1.geturllaunch(temp1.java:20)
at careers_360_test.temp1.geturllaunch(temp1.java:20)
at careers_360_test.temp1.geturllaunch(temp1.java:20)
at careers_360_test.temp1.geturllaunch(temp1.java:20)
at careers_360_test.temp1.geturllaunch(temp1.java:20)
at careers_360_test.temp1.geturllaunch(temp1.java:20)
at careers_360_test.temp1.geturllaunch(temp1.java:20)
at careers_360_test.temp1.geturllaunch(temp1.java:20)
at careers_360_test.temp1.geturllaunch(temp1.java:20)
at careers_360_test.temp1.geturllaunch(temp1.java:20)
at careers_360_test.temp1.geturllaunch(temp1.java:20)
at careers_360_test.temp1.geturllaunch(temp1.java:20)
at careers_360_test.temp1.geturllaunch(temp1.java:20)
at careers_360_test.temp1.geturllaunch(temp1.java:20)
at careers_360_test.temp1.geturllaunch(temp1.java:20)
at careers_360_test.temp1.geturllaunch(temp1.java:20)
at careers_360_test.temp1.geturllaunch(temp1.java:20)
at careers_360_test.temp1.geturllaunch(temp1.java:20)
at careers_360_test.temp1.geturllaunch(temp1.java:20)
at careers_360_test.temp1.geturllaunch(temp1.java:20)
at careers_360_test.temp1.geturllaunch(temp1.java:20)
at careers_360_test.temp1.geturllaunch(temp1.java:20)
at careers_360_test.temp1.geturllaunch(temp1.java:20)
at careers_360_test.temp1.geturllaunch(temp1.java:20)
at careers_360_test.temp1.geturllaunch(temp1.java:20)
at careers_360_test.temp1.geturllaunch(temp1.java:20)
at careers_360_test.temp1.geturllaunch(temp1.java:20)
at careers_360_test.temp1.geturllaunch(temp1.java:20)
at careers_360_test.temp1.geturllaunch(temp1.java:20)
at careers_360_test.temp1.geturllaunch(temp1.java:20)
at careers_360_test.temp1.geturllaunch(temp1.java:20)
at careers_360_test.temp1.geturllaunch(temp1.java:20)
at careers_360_test.temp1.geturllaunch(temp1.java:20)
at careers_360_test.temp1.geturllaunch(temp1.java:20)
at careers_360_test.temp1.geturllaunch(temp1.java:20)
at careers_360_test.temp1.geturllaunch(temp1.java:20)
at careers_360_test.temp1.geturllaunch(temp1.java:20)
at careers_360_test.temp1.geturllaunch(temp1.java:20)
at careers_360_test.temp1.geturllaunch(temp1.java:20)
at careers_360_test.temp1.geturllaunch(temp1.java:20)
at careers_360_test.temp1.geturllaunch(temp1.java:20)
at careers_360_test.temp1.geturllaunch(temp1.java:20)
at careers_360_test.temp1.geturllaunch(temp1.java:20)
at careers_360_test.temp1.geturllaunch(temp1.java:20)
at careers_360_test.temp1.geturllaunch(temp1.java:20)
at careers_360_test.temp1.geturllaunch(temp1.java:20)
at careers_360_test.temp1.geturllaunch(temp1.java:20)
at careers_360_test.temp1.geturllaunch(temp1.java:20)
at careers_360_test.temp1.geturllaunch(temp1.java:20)
at careers_360_test.temp1.geturllaunch(temp1.java:20)
at careers_360_test.temp1.geturllaunch(temp1.java:20)
at careers_360_test.temp1.geturllaunch(temp1.java:20)
at careers_360_test.temp1.geturllaunch(temp1.java:20)
at careers_360_test.temp1.geturllaunch(temp1.java:20)
at careers_360_test.temp1.geturllaunch(temp1.java:20)
at careers_360_test.temp1.geturllaunch(temp1.java:20)
at careers_360_test.temp1.geturllaunch(temp1.java:20)
at careers_360_test.temp1.geturllaunch(temp1.java:20)
at careers_360_test.temp1.geturllaunch(temp1.java:20)
at careers_360_test.temp1.geturllaunch(temp1.java:20)
at careers_360_test.temp1.geturllaunch(temp1.java:20)
at careers_360_test.temp1.geturllaunch(temp1.java:20)
at careers_360_test.temp1.geturllaunch(temp1.java:20)
at careers_360_test.temp1.geturllaunch(temp1.java:20)
at careers_360_test.temp1.geturllaunch(temp1.java:20)
at careers_360_test.temp1.geturllaunch(temp1.java:20)
at careers_360_test.temp1.geturllaunch(temp1.java:20)
at careers_360_test.temp1.geturllaunch(temp1.java:20)
at careers_360_test.temp1.geturllaunch(temp1.java:20)
at careers_360_test.temp1.geturllaunch(temp1.java:20)
at careers_360_test.temp1.geturllaunch(temp1.java:20)
at careers_360_test.temp1.geturllaunch(temp1.java:20)
at careers_360_test.temp1.geturllaunch(temp1.java:20)
at careers_360_test.temp1.geturllaunch(temp1.java:20)
at careers_360_test.temp1.geturllaunch(temp1.java:20)
at careers_360_test.temp1.geturllaunch(temp1.java:20)
at careers_360_test.temp1.geturllaunch(temp1.java:20)
at careers_360_test.temp1.geturllaunch(temp1.java:20)
at careers_360_test.temp1.geturllaunch(temp1.java:20)
at careers_360_test.temp1.geturllaunch(temp1.java:20)
at careers_360_test.temp1.geturllaunch(temp1.java:20)
at careers_360_test.temp1.geturllaunch(temp1.java:20)
at careers_360_test.temp1.geturllaunch(temp1.java:20)
at careers_360_test.temp1.geturllaunch(temp1.java:20)
at careers_360_test.temp1.geturllaunch(temp1.java:20)
at careers_360_test.temp1.geturllaunch(temp1.java:20)
at careers_360_test.temp1.geturllaunch(temp1.java:20)
at careers_360_test.temp1.geturllaunch(temp1.java:20)
at careers_360_test.temp1.geturllaunch(temp1.java:20)
at careers_360_test.temp1.geturllaunch(temp1.java:20)
at careers_360_test.temp1.geturllaunch(temp1.java:20)
at careers_360_test.temp1.geturllaunch(temp1.java:20)
at careers_360_test.temp1.geturllaunch(temp1.java:20)
at careers_360_test.temp1.geturllaunch(temp1.java:20)
at careers_360_test.temp1.geturllaunch(temp1.java:20)
at careers_360_test.temp1.geturllaunch(temp1.java:20)
at careers_360_test.temp1.geturllaunch(temp1.java:20)
at careers_360_test.temp1.geturllaunch(temp1.java:20)
at careers_360_test.temp1.geturllaunch(temp1.java:20)
at careers_360_test.temp1.geturllaunch(temp1.java:20)
at careers_360_test.temp1.geturllaunch(temp1.java:20)
at careers_360_test.temp1.geturllaunch(temp1.java:20)
at careers_360_test.temp1.geturllaunch(temp1.java:20)
at careers_360_test.temp1.geturllaunch(temp1.java:20)
at careers_360_test.temp1.geturllaunch(temp1.java:20)
at careers_360_test.temp1.geturllaunch(temp1.java:20)
at careers_360_test.temp1.geturllaunch(temp1.java:20)
at careers_360_test.temp1.geturllaunch(temp1.java:20)
at careers_360_test.temp1.geturllaunch(temp1.java:20)
at careers_360_test.temp1.geturllaunch(temp1.java:20)
at careers_360_test.temp1.geturllaunch(temp1.java:20)
at careers_360_test.temp1.geturllaunch(temp1.java:20)
at careers_360_test.temp1.geturllaunch(temp1.java:20)
at careers_360_test.temp1.geturllaunch(temp1.java:20)
at careers_360_test.temp1.geturllaunch(temp1.java:20)
at careers_360_test.temp1.geturllaunch(temp1.java:20)
at careers_360_test.temp1.geturllaunch(temp1.java:20)
at careers_360_test.temp1.geturllaunch(temp1.java:20)
at careers_360_test.temp1.geturllaunch(temp1.java:20)
at careers_360_test.temp1.geturllaunch(temp1.java:20)
at careers_360_test.temp1.geturllaunch(temp1.java:20)
at careers_360_test.temp1.geturllaunch(temp1.java:20)
at careers_360_test.temp1.geturllaunch(temp1.java:20)
at careers_360_test.temp1.geturllaunch(temp1.java:20)
at careers_360_test.temp1.geturllaunch(temp1.java:20)
at careers_360_test.temp1.geturllaunch(temp1.java:20)
at careers_360_test.temp1.geturllaunch(temp1.java:20)
at careers_360_test.temp1.geturllaunch(temp1.java:20)
at careers_360_test.temp1.geturllaunch(temp1.java:20)
at careers_360_test.temp1.geturllaunch(temp1.java:20)
at careers_360_test.temp1.geturllaunch(temp1.java:20)
at careers_360_test.temp1.geturllaunch(temp1.java:20)
at careers_360_test.temp1.geturllaunch(temp1.java:20)
at careers_360_test.temp1.geturllaunch(temp1.java:20)
at careers_360_test.temp1.geturllaunch(temp1.java:20)
at careers_360_test.temp1.geturllaunch(temp1.java:20)
at careers_360_test.temp1.geturllaunch(temp1.java:20)
at careers_360_test.temp1.geturllaunch(temp1.java:20)
at careers_360_test.temp1.geturllaunch(temp1.java:20)
at careers_360_test.temp1.geturllaunch(temp1.java:20)
at careers_360_test.temp1.geturllaunch(temp1.java:20)
at careers_360_test.temp1.geturllaunch(temp1.java:20)
at careers_360_test.temp1.geturllaunch(temp1.java:20)
at careers_360_test.temp1.geturllaunch(temp1.java:20)
at careers_360_test.temp1.geturllaunch(temp1.java:20)
at careers_360_test.temp1.geturllaunch(temp1.java:20)
at careers_360_test.temp1.geturllaunch(temp1.java:20)
at careers_360_test.temp1.geturllaunch(temp1.java:20)
at careers_360_test.temp1.geturllaunch(temp1.java:20)
at careers_360_test.temp1.geturllaunch(temp1.java:20)
at careers_360_test.temp1.geturllaunch(temp1.java:20)
at careers_360_test.temp1.geturllaunch(temp1.java:20)
at careers_360_test.temp1.geturllaunch(temp1.java:20)
at careers_360_test.temp1.geturllaunch(temp1.java:20)
at careers_360_test.temp1.geturllaunch(temp1.java:20)
at careers_360_test.temp1.geturllaunch(temp1.java:20)
at careers_360_test.temp1.geturllaunch(temp1.java:20)
at careers_360_test.temp1.geturllaunch(temp1.java:20)
at careers_360_test.temp1.geturllaunch(temp1.java:20)
at careers_360_test.temp1.geturllaunch(temp1.java:20)
at careers_360_test.temp1.geturllaunch(temp1.java:20)
at careers_360_test.temp1.geturllaunch(temp1.java:20)
at careers_360_test.temp1.geturllaunch(temp1.java:20)
at careers_360_test.temp1.geturllaunch(temp1.java:20)
at careers_360_test.temp1.geturllaunch(temp1.java:20)
at careers_360_test.temp1.geturllaunch(temp1.java:20)
at careers_360_test.temp1.geturllaunch(temp1.java:20)
at careers_360_test.temp1.geturllaunch(temp1.java:20)
at careers_360_test.temp1.geturllaunch(temp1.java:20)
at careers_360_test.temp1.geturllaunch(temp1.java:20)
at careers_360_test.temp1.geturllaunch(temp1.java:20)
at careers_360_test.temp1.geturllaunch(temp1.java:20)
at careers_360_test.temp1.geturllaunch(temp1.java:20)
at careers_360_test.temp1.geturllaunch(temp1.java:20)
at careers_360_test.temp1.geturllaunch(temp1.java:20)
at careers_360_test.temp1.geturllaunch(temp1.java:20)
at careers_360_test.temp1.geturllaunch(temp1.java:20)
at careers_360_test.temp1.geturllaunch(temp1.java:20)
at careers_360_test.temp1.geturllaunch(temp1.java:20)
at careers_360_test.temp1.geturllaunch(temp1.java:20)
at careers_360_test.temp1.geturllaunch(temp1.java:20)
at careers_360_test.temp1.geturllaunch(temp1.java:20)
at careers_360_test.temp1.geturllaunch(temp1.java:20)
at careers_360_test.temp1.geturllaunch(temp1.java:20)
at careers_360_test.temp1.geturllaunch(temp1.java:20)
at careers_360_test.temp1.geturllaunch(temp1.java:20)
at careers_360_test.temp1.geturllaunch(temp1.java:20)
at careers_360_test.temp1.geturllaunch(temp1.java:20)
at careers_360_test.temp1.geturllaunch(temp1.java:20)
at careers_360_test.temp1.geturllaunch(temp1.java:20)
at careers_360_test.temp1.geturllaunch(temp1.java:20)
at careers_360_test.temp1.geturllaunch(temp1.java:20)
at careers_360_test.temp1.geturllaunch(temp1.java:20)
at careers_360_test.temp1.geturllaunch(temp1.java:20)
at careers_360_test.temp1.geturllaunch(temp1.java:20)
at careers_360_test.temp1.geturllaunch(temp1.java:20)
at careers_360_test.temp1.geturllaunch(temp1.java:20)
at careers_360_test.temp1.geturllaunch(temp1.java:20)
at careers_360_test.temp1.geturllaunch(temp1.java:20)
at careers_360_test.temp1.geturllaunch(temp1.java:20)
at careers_360_test.temp1.geturllaunch(temp1.java:20)
at careers_360_test.temp1.geturllaunch(temp1.java:20)
at careers_360_test.temp1.geturllaunch(temp1.java:20)
at careers_360_test.temp1.geturllaunch(temp1.java:20)
at careers_360_test.temp1.geturllaunch(temp1.java:20)
at careers_360_test.temp1.geturllaunch(temp1.java:20)
at careers_360_test.temp1.geturllaunch(temp1.java:20)
at careers_360_test.temp1.geturllaunch(temp1.java:20)
at careers_360_test.temp1.geturllaunch(temp1.java:20)
at careers_360_test.temp1.geturllaunch(temp1.java:20)
at careers_360_test.temp1.geturllaunch(temp1.java:20)
at careers_360_test.temp1.geturllaunch(temp1.java:20)
at careers_360_test.temp1.geturllaunch(temp1.java:20)
at careers_360_test.temp1.geturllaunch(temp1.java:20)
at careers_360_test.temp1.geturllaunch(temp1.java:20)
at careers_360_test.temp1.geturllaunch(temp1.java:20)
at careers_360_test.temp1.geturllaunch(temp1.java:20)
at careers_360_test.temp1.geturllaunch(temp1.java:20)
at careers_360_test.temp1.geturllaunch(temp1.java:20)
at careers_360_test.temp1.geturllaunch(temp1.java:20)
at careers_360_test.temp1.geturllaunch(temp1.java:20)
at careers_360_test.temp1.geturllaunch(temp1.java:20)
at careers_360_test.temp1.geturllaunch(temp1.java:20)
at careers_360_test.temp1.geturllaunch(temp1.java:20)
at careers_360_test.temp1.geturllaunch(temp1.java:20)
at careers_360_test.temp1.geturllaunch(temp1.java:20)
at careers_360_test.temp1.geturllaunch(temp1.java:20)
at careers_360_test.temp1.geturllaunch(temp1.java:20)
at careers_360_test.temp1.geturllaunch(temp1.java:20)
at careers_360_test.temp1.geturllaunch(temp1.java:20)
at careers_360_test.temp1.geturllaunch(temp1.java:20)
at careers_360_test.temp1.geturllaunch(temp1.java:20)
at careers_360_test.temp1.geturllaunch(temp1.java:20)
at careers_360_test.temp1.geturllaunch(temp1.java:20)
at careers_360_test.temp1.geturllaunch(temp1.java:20)
at careers_360_test.temp1.geturllaunch(temp1.java:20)
at careers_360_test.temp1.geturllaunch(temp1.java:20)
at careers_360_test.temp1.geturllaunch(temp1.java:20)
at careers_360_test.temp1.geturllaunch(temp1.java:20)
at careers_360_test.temp1.geturllaunch(temp1.java:20)
at careers_360_test.temp1.geturllaunch(temp1.java:20)
at careers_360_test.temp1.geturllaunch(temp1.java:20)
at careers_360_test.temp1.geturllaunch(temp1.java:20)
at careers_360_test.temp1.geturllaunch(temp1.java:20)
at careers_360_test.temp1.geturllaunch(temp1.java:20)
at careers_360_test.temp1.geturllaunch(temp1.java:20)
at careers_360_test.temp1.geturllaunch(temp1.java:20)
at careers_360_test.temp1.geturllaunch(temp1.java:20)
at careers_360_test.temp1.geturllaunch(temp1.java:20)
at careers_360_test.temp1.geturllaunch(temp1.java:20)
at careers_360_test.temp1.geturllaunch(temp1.java:20)
at careers_360_test.temp1.geturllaunch(temp1.java:20)
at careers_360_test.temp1.geturllaunch(temp1.java:20)
at careers_360_test.temp1.geturllaunch(temp1.java:20)
at careers_360_test.temp1.geturllaunch(temp1.java:20)
at careers_360_test.temp1.geturllaunch(temp1.java:20)
at careers_360_test.temp1.geturllaunch(temp1.java:20)
at careers_360_test.temp1.geturllaunch(temp1.java:20)
at careers_360_test.temp1.geturllaunch(temp1.java:20)
at careers_360_test.temp1.geturllaunch(temp1.java:20)
at careers_360_test.temp1.geturllaunch(temp1.java:20)
at careers_360_test.temp1.geturllaunch(temp1.java:20)
at careers_360_test.temp1.geturllaunch(temp1.java:20)
at careers_360_test.temp1.geturllaunch(temp1.java:20)
at careers_360_test.temp1.geturllaunch(temp1.java:20)
at careers_360_test.temp1.geturllaunch(temp1.java:20)
at careers_360_test.temp1.geturllaunch(temp1.java:20)
at careers_360_test.temp1.geturllaunch(temp1.java:20)
at careers_360_test.temp1.geturllaunch(temp1.java:20)
at careers_360_test.temp1.geturllaunch(temp1.java:20)
at careers_360_test.temp1.geturllaunch(temp1.java:20)
at careers_360_test.temp1.geturllaunch(temp1.java:20)
at careers_360_test.temp1.geturllaunch(temp1.java:20)
at careers_360_test.temp1.geturllaunch(temp1.java:20)
at careers_360_test.temp1.geturllaunch(temp1.java:20)
at careers_360_test.temp1.geturllaunch(temp1.java:20)
at careers_360_test.temp1.geturllaunch(temp1.java:20)
at careers_360_test.temp1.geturllaunch(temp1.java:20)
at careers_360_test.temp1.geturllaunch(temp1.java:20)
at careers_360_test.temp1.geturllaunch(temp1.java:20)
at careers_360_test.temp1.geturllaunch(temp1.java:20)
at careers_360_test.temp1.geturllaunch(temp1.java:20)
at careers_360_test.temp1.geturllaunch(temp1.java:20)
at careers_360_test.temp1.geturllaunch(temp1.java:20)
at careers_360_test.temp1.geturllaunch(temp1.java:20)
at careers_360_test.temp1.geturllaunch(temp1.java:20)
at careers_360_test.temp1.geturllaunch(temp1.java:20)
at careers_360_test.temp1.geturllaunch(temp1.java:20)
at careers_360_test.temp1.geturllaunch(temp1.java:20)
at careers_360_test.temp1.geturllaunch(temp1.java:20)
at careers_360_test.temp1.geturllaunch(temp1.java:20)
at careers_360_test.temp1.geturllaunch(temp1.java:20)
at careers_360_test.temp1.geturllaunch(temp1.java:20)
at careers_360_test.temp1.geturllaunch(temp1.java:20)
at careers_360_test.temp1.geturllaunch(temp1.java:20)
at careers_360_test.temp1.geturllaunch(temp1.java:20)
at careers_360_test.temp1.geturllaunch(temp1.java:20)
at careers_360_test.temp1.geturllaunch(temp1.java:20)
at careers_360_test.temp1.geturllaunch(temp1.java:20)
at careers_360_test.temp1.geturllaunch(temp1.java:20)
at careers_360_test.temp1.geturllaunch(temp1.java:20)
at careers_360_test.temp1.geturllaunch(temp1.java:20)
at careers_360_test.temp1.geturllaunch(temp1.java:20)
at careers_360_test.temp1.geturllaunch(temp1.java:20)
at careers_360_test.temp1.geturllaunch(temp1.java:20)
at careers_360_test.temp1.geturllaunch(temp1.java:20)
at careers_360_test.temp1.geturllaunch(temp1.java:20)
at careers_360_test.temp1.geturllaunch(temp1.java:20)
at careers_360_test.temp1.geturllaunch(temp1.java:20)
at careers_360_test.temp1.geturllaunch(temp1.java:20)
at careers_360_test.temp1.geturllaunch(temp1.java:20)
at careers_360_test.temp1.geturllaunch(temp1.java:20)
at careers_360_test.temp1.geturllaunch(temp1.java:20)
at careers_360_test.temp1.geturllaunch(temp1.java:20)
at careers_360_test.temp1.geturllaunch(temp1.java:20)
at careers_360_test.temp1.geturllaunch(temp1.java:20)
at careers_360_test.temp1.geturllaunch(temp1.java:20)
at careers_360_test.temp1.geturllaunch(temp1.java:20)
at careers_360_test.temp1.geturllaunch(temp1.java:20)
at careers_360_test.temp1.geturllaunch(temp1.java:20)
at careers_360_test.temp1.geturllaunch(temp1.java:20)
at careers_360_test.temp1.geturllaunch(temp1.java:20)
at careers_360_test.temp1.geturllaunch(temp1.java:20)
at careers_360_test.temp1.geturllaunch(temp1.java:20)
at careers_360_test.temp1.geturllaunch(temp1.java:20)
at careers_360_test.temp1.geturllaunch(temp1.java:20)
at careers_360_test.temp1.geturllaunch(temp1.java:20)
at careers_360_test.temp1.geturllaunch(temp1.java:20)
at careers_360_test.temp1.geturllaunch(temp1.java:20)
at careers_360_test.temp1.geturllaunch(temp1.java:20)
at careers_360_test.temp1.geturllaunch(temp1.java:20)
at careers_360_test.temp1.geturllaunch(temp1.java:20)
at careers_360_test.temp1.geturllaunch(temp1.java:20)
at careers_360_test.temp1.geturllaunch(temp1.java:20)
at careers_360_test.temp1.geturllaunch(temp1.java:20)
at careers_360_test.temp1.geturllaunch(temp1.java:20)
at careers_360_test.temp1.geturllaunch(temp1.java:20)
at careers_360_test.temp1.geturllaunch(temp1.java:20)
at careers_360_test.temp1.geturllaunch(temp1.java:20)
at careers_360_test.temp1.geturllaunch(temp1.java:20)
at careers_360_test.temp1.geturllaunch(temp1.java:20)
at careers_360_test.temp1.geturllaunch(temp1.java:20)
at careers_360_test.temp1.geturllaunch(temp1.java:20)
at careers_360_test.temp1.geturllaunch(temp1.java:20)
at careers_360_test.temp1.geturllaunch(temp1.java:20)
at careers_360_test.temp1.geturllaunch(temp1.java:20)
at careers_360_test.temp1.geturllaunch(temp1.java:20)
at careers_360_test.temp1.geturllaunch(temp1.java:20)
at careers_360_test.temp1.geturllaunch(temp1.java:20)
at careers_360_test.temp1.geturllaunch(temp1.java:20)
at careers_360_test.temp1.geturllaunch(temp1.java:20)
at careers_360_test.temp1.geturllaunch(temp1.java:20)
at careers_360_test.temp1.geturllaunch(temp1.java:20)
at careers_360_test.temp1.geturllaunch(temp1.java:20)
at careers_360_test.temp1.geturllaunch(temp1.java:20)
at careers_360_test.temp1.geturllaunch(temp1.java:20)
at careers_360_test.temp1.geturllaunch(temp1.java:20)
at careers_360_test.temp1.geturllaunch(temp1.java:20)
at careers_360_test.temp1.geturllaunch(temp1.java:20)
at careers_360_test.temp1.geturllaunch(temp1.java:20)
at careers_360_test.temp1.geturllaunch(temp1.java:20)
at careers_360_test.temp1.geturllaunch(temp1.java:20)
at careers_360_test.temp1.geturllaunch(temp1.java:20)
at careers_360_test.temp1.geturllaunch(temp1.java:20)
at careers_360_test.temp1.geturllaunch(temp1.java:20)
at careers_360_test.temp1.geturllaunch(temp1.java:20)
at careers_360_test.temp1.geturllaunch(temp1.java:20)
at careers_360_test.temp1.geturllaunch(temp1.java:20)
at careers_360_test.temp1.geturllaunch(temp1.java:20)
at careers_360_test.temp1.geturllaunch(temp1.java:20)
at careers_360_test.temp1.geturllaunch(temp1.java:20)
at careers_360_test.temp1.geturllaunch(temp1.java:20)
at careers_360_test.temp1.geturllaunch(temp1.java:20)
at careers_360_test.temp1.geturllaunch(temp1.java:20)
at careers_360_test.temp1.geturllaunch(temp1.java:20)
at careers_360_test.temp1.geturllaunch(temp1.java:20)
at careers_360_test.temp1.geturllaunch(temp1.java:20)
at careers_360_test.temp1.geturllaunch(temp1.java:20)
at careers_360_test.temp1.geturllaunch(temp1.java:20)
at careers_360_test.temp1.geturllaunch(temp1.java:20)
at careers_360_test.temp1.geturllaunch(temp1.java:20)
at careers_360_test.temp1.geturllaunch(temp1.java:20)
at careers_360_test.temp1.geturllaunch(temp1.java:20)
at careers_360_test.temp1.geturllaunch(temp1.java:20)
at careers_360_test.temp1.geturllaunch(temp1.java:20)
at careers_360_test.temp1.geturllaunch(temp1.java:20)
at careers_360_test.temp1.geturllaunch(temp1.java:20)
at careers_360_test.temp1.geturllaunch(temp1.java:20)
at careers_360_test.temp1.geturllaunch(temp1.java:20)
at careers_360_test.temp1.geturllaunch(temp1.java:20)
at careers_360_test.temp1.geturllaunch(temp1.java:20)
at careers_360_test.temp1.geturllaunch(temp1.java:20)
at careers_360_test.temp1.geturllaunch(temp1.java:20)
at careers_360_test.temp1.geturllaunch(temp1.java:20)
at careers_360_test.temp1.geturllaunch(temp1.java:20)
at careers_360_test.temp1.geturllaunch(temp1.java:20)
at careers_360_test.temp1.geturllaunch(temp1.java:20)
at careers_360_test.temp1.geturllaunch(temp1.java:20)
at careers_360_test.temp1.geturllaunch(temp1.java:20)
at careers_360_test.temp1.geturllaunch(temp1.java:20)
at careers_360_test.temp1.geturllaunch(temp1.java:20)
at careers_360_test.temp1.geturllaunch(temp1.java:20)
at careers_360_test.temp1.geturllaunch(temp1.java:20)
at careers_360_test.temp1.geturllaunch(temp1.java:20)
at careers_360_test.temp1.geturllaunch(temp1.java:20)
at careers_360_test.temp1.geturllaunch(temp1.java:20)
at careers_360_test.temp1.geturllaunch(temp1.java:20)
at careers_360_test.temp1.geturllaunch(temp1.java:20)
at careers_360_test.temp1.geturllaunch(temp1.java:20)
at careers_360_test.temp1.geturllaunch(temp1.java:20)
at careers_360_test.temp1.geturllaunch(temp1.java:20)
at careers_360_test.temp1.geturllaunch(temp1.java:20)
at careers_360_test.temp1.geturllaunch(temp1.java:20)
at careers_360_test.temp1.geturllaunch(temp1.java:20)
at careers_360_test.temp1.geturllaunch(temp1.java:20)
at careers_360_test.temp1.geturllaunch(temp1.java:20)
at careers_360_test.temp1.geturllaunch(temp1.java:20)
at careers_360_test.temp1.geturllaunch(temp1.java:20)
at careers_360_test.temp1.geturllaunch(temp1.java:20)
at careers_360_test.temp1.geturllaunch(temp1.java:20)
at careers_360_test.temp1.geturllaunch(temp1.java:20)
at careers_360_test.temp1.geturllaunch(temp1.java:20)
at careers_360_test.temp1.geturllaunch(temp1.java:20)
at careers_360_test.temp1.geturllaunch(temp1.java:20)
at careers_360_test.temp1.geturllaunch(temp1.java:20)
at careers_360_test.temp1.geturllaunch(temp1.java:20)
at careers_360_test.temp1.geturllaunch(temp1.java:20)
at careers_360_test.temp1.geturllaunch(temp1.java:20)
at careers_360_test.temp1.geturllaunch(temp1.java:20)
at careers_360_test.temp1.geturllaunch(temp1.java:20)
at careers_360_test.temp1.geturllaunch(temp1.java:20)
at careers_360_test.temp1.geturllaunch(temp1.java:20)
at careers_360_test.temp1.geturllaunch(temp1.java:20)
at careers_360_test.temp1.geturllaunch(temp1.java:20)
at careers_360_test.temp1.geturllaunch(temp1.java:20)
at careers_360_test.temp1.geturllaunch(temp1.java:20)
at careers_360_test.temp1.geturllaunch(temp1.java:20)
at careers_360_test.temp1.geturllaunch(temp1.java:20)
at careers_360_test.temp1.geturllaunch(temp1.java:20)
at careers_360_test.temp1.geturllaunch(temp1.java:20)
at careers_360_test.temp1.geturllaunch(temp1.java:20)
at careers_360_test.temp1.geturllaunch(temp1.java:20)
at careers_360_test.temp1.geturllaunch(temp1.java:20)
at careers_360_test.temp1.geturllaunch(temp1.java:20)
at careers_360_test.temp1.geturllaunch(temp1.java:20)
at careers_360_test.temp1.geturllaunch(temp1.java:20)
at careers_360_test.temp1.geturllaunch(temp1.java:20)
at careers_360_test.temp1.geturllaunch(temp1.java:20)
at careers_360_test.temp1.geturllaunch(temp1.java:20)
at careers_360_test.temp1.geturllaunch(temp1.java:20)
at careers_360_test.temp1.geturllaunch(temp1.java:20)
at careers_360_test.temp1.geturllaunch(temp1.java:20)
at careers_360_test.temp1.geturllaunch(temp1.java:20)
at careers_360_test.temp1.geturllaunch(temp1.java:20)
at careers_360_test.temp1.geturllaunch(temp1.java:20)
at careers_360_test.temp1.geturllaunch(temp1.java:20)
at careers_360_test.temp1.geturllaunch(temp1.java:20)
at careers_360_test.temp1.geturllaunch(temp1.java:20)
at careers_360_test.temp1.geturllaunch(temp1.java:20)
at careers_360_test.temp1.geturllaunch(temp1.java:20)
at careers_360_test.temp1.geturllaunch(temp1.java:20)
at careers_360_test.temp1.geturllaunch(temp1.java:20)
at careers_360_test.temp1.geturllaunch(temp1.java:20)
at careers_360_test.temp1.geturllaunch(temp1.java:20)
at careers_360_test.temp1.geturllaunch(temp1.java:20)
at careers_360_test.temp1.geturllaunch(temp1.java:20)
at careers_360_test.temp1.geturllaunch(temp1.java:20)
at careers_360_test.temp1.geturllaunch(temp1.java:20)
at careers_360_test.temp1.geturllaunch(temp1.java:20)
at careers_360_test.temp1.geturllaunch(temp1.java:20)
at careers_360_test.temp1.geturllaunch(temp1.java:20)
at careers_360_test.temp1.geturllaunch(temp1.java:20)
at careers_360_test.temp1.geturllaunch(temp1.java:20)
at careers_360_test.temp1.geturllaunch(temp1.java:20)
at careers_360_test.temp1.geturllaunch(temp1.java:20)
at careers_360_test.temp1.geturllaunch(temp1.java:20)
at careers_360_test.temp1.geturllaunch(temp1.java:20)
at careers_360_test.temp1.geturllaunch(temp1.java:20)
at careers_360_test.temp1.geturllaunch(temp1.java:20)
at careers_360_test.temp1.geturllaunch(temp1.java:20)
at careers_360_test.temp1.geturllaunch(temp1.java:20)
at careers_360_test.temp1.geturllaunch(temp1.java:20)
at careers_360_test.temp1.geturllaunch(temp1.java:20)
at careers_360_test.temp1.geturllaunch(temp1.java:20)
at careers_360_test.temp1.geturllaunch(temp1.java:20)
at careers_360_test.temp1.geturllaunch(temp1.java:20)
at careers_360_test.temp1.geturllaunch(temp1.java:20)
at careers_360_test.temp1.geturllaunch(temp1.java:20)
at careers_360_test.temp1.geturllaunch(temp1.java:20)
at careers_360_test.temp1.geturllaunch(temp1.java:20)
at careers_360_test.temp1.geturllaunch(temp1.java:20)
at careers_360_test.temp1.geturllaunch(temp1.java:20)
at careers_360_test.temp1.geturllaunch(temp1.java:20)
at careers_360_test.temp1.geturllaunch(temp1.java:20)
at careers_360_test.temp1.geturllaunch(temp1.java:20)
at careers_360_test.temp1.geturllaunch(temp1.java:20)
at careers_360_test.temp1.geturllaunch(temp1.java:20)
at careers_360_test.temp1.geturllaunch(temp1.java:20)
at careers_360_test.temp1.geturllaunch(temp1.java:20)
at careers_360_test.temp1.geturllaunch(temp1.java:20)
at careers_360_test.temp1.geturllaunch(temp1.java:20)
at careers_360_test.temp1.geturllaunch(temp1.java:20)
at careers_360_test.temp1.geturllaunch(temp1.java:20)
at careers_360_test.temp1.geturllaunch(temp1.java:20)
at careers_360_test.temp1.geturllaunch(temp1.java:20)
at careers_360_test.temp1.geturllaunch(temp1.java:20)
at careers_360_test.temp1.geturllaunch(temp1.java:20)
at careers_360_test.temp1.geturllaunch(temp1.java:20)
at careers_360_test.temp1.geturllaunch(temp1.java:20)
at careers_360_test.temp1.geturllaunch(temp1.java:20)
at careers_360_test.temp1.geturllaunch(temp1.java:20)
at careers_360_test.temp1.geturllaunch(temp1.java:20)
at careers_360_test.temp1.geturllaunch(temp1.java:20)
at careers_360_test.temp1.geturllaunch(temp1.java:20)
at careers_360_test.temp1.geturllaunch(temp1.java:20)
at careers_360_test.temp1.geturllaunch(temp1.java:20)
at careers_360_test.temp1.geturllaunch(temp1.java:20)
at careers_360_test.temp1.geturllaunch(temp1.java:20)
at careers_360_test.temp1.geturllaunch(temp1.java:20)
at careers_360_test.temp1.geturllaunch(temp1.java:20)
at careers_360_test.temp1.geturllaunch(temp1.java:20)
at careers_360_test.temp1.geturllaunch(temp1.java:20)
at careers_360_test.temp1.geturllaunch(temp1.java:20)
at careers_360_test.temp1.geturllaunch(temp1.java:20)
at careers_360_test.temp1.geturllaunch(temp1.java:20)
at careers_360_test.temp1.geturllaunch(temp1.java:20)
at careers_360_test.temp1.geturllaunch(temp1.java:20)
at careers_360_test.temp1.geturllaunch(temp1.java:20)
at careers_360_test.temp1.geturllaunch(temp1.java:20)
at careers_360_test.temp1.geturllaunch(temp1.java:20)
at careers_360_test.temp1.geturllaunch(temp1.java:20)
at careers_360_test.temp1.geturllaunch(temp1.java:20)
at careers_360_test.temp1.geturllaunch(temp1.java:20)
at careers_360_test.temp1.geturllaunch(temp1.java:20)
at careers_360_test.temp1.geturllaunch(temp1.java:20)
at careers_360_test.temp1.geturllaunch(temp1.java:20)
at careers_360_test.temp1.geturllaunch(temp1.java:20)
at careers_360_test.temp1.geturllaunch(temp1.java:20)
at careers_360_test.temp1.geturllaunch(temp1.java:20)
at careers_360_test.temp1.geturllaunch(temp1.java:20)
at careers_360_test.temp1.geturllaunch(temp1.java:20)
at careers_360_test.temp1.geturllaunch(temp1.java:20)
at careers_360_test.temp1.geturllaunch(temp1.java:20)
at careers_360_test.temp1.geturllaunch(temp1.java:20)
at careers_360_test.temp1.geturllaunch(temp1.java:20)
at careers_360_test.temp1.geturllaunch(temp1.java:20)
at careers_360_test.temp1.geturllaunch(temp1.java:20)
at careers_360_test.temp1.geturllaunch(temp1.java:20)
at careers_360_test.temp1.geturllaunch(temp1.java:20)
at careers_360_test.temp1.geturllaunch(temp1.java:20)
at careers_360_test.temp1.geturllaunch(temp1.java:20)
at careers_360_test.temp1.geturllaunch(temp1.java:20)
at careers_360_test.temp1.geturllaunch(temp1.java:20)
at careers_360_test.temp1.geturllaunch(temp1.java:20)
at careers_360_test.temp1.geturllaunch(temp1.java:20)
at careers_360_test.temp1.geturllaunch(temp1.java:20)
at careers_360_test.temp1.geturllaunch(temp1.java:20)
at careers_360_test.temp1.geturllaunch(temp1.java:20)
at careers_360_test.temp1.geturllaunch(temp1.java:20)
at careers_360_test.temp1.geturllaunch(temp1.java:20)
at careers_360_test.temp1.geturllaunch(temp1.java:20)
at careers_360_test.temp1.geturllaunch(temp1.java:20)
at careers_360_test.temp1.geturllaunch(temp1.java:20)
at careers_360_test.temp1.geturllaunch(temp1.java:20)
at careers_360_test.temp1.geturllaunch(temp1.java:20)
at careers_360_test.temp1.geturllaunch(temp1.java:20)
at careers_360_test.temp1.geturllaunch(temp1.java:20)
at careers_360_test.temp1.geturllaunch(temp1.java:20)
at careers_360_test.temp1.geturllaunch(temp1.java:20)
at careers_360_test.temp1.geturllaunch(temp1.java:20)
at careers_360_test.temp1.geturllaunch(temp1.java:20)
at careers_360_test.temp1.geturllaunch(temp1.java:20)
at careers_360_test.temp1.geturllaunch(temp1.java:20)
at careers_360_test.temp1.geturllaunch(temp1.java:20)
at careers_360_test.temp1.geturllaunch(temp1.java:20)
at careers_360_test.temp1.geturllaunch(temp1.java:20)
at careers_360_test.temp1.geturllaunch(temp1.java:20)
at careers_360_test.temp1.geturllaunch(temp1.java:20)
at careers_360_test.temp1.geturllaunch(temp1.java:20)
at careers_360_test.temp1.geturllaunch(temp1.java:20)
at careers_360_test.temp1.geturllaunch(temp1.java:20)
at careers_360_test.temp1.geturllaunch(temp1.java:20)
at careers_360_test.temp1.geturllaunch(temp1.java:20)
at careers_360_test.temp1.geturllaunch(temp1.java:20)
at careers_360_test.temp1.geturllaunch(temp1.java:20)
at careers_360_test.temp1.geturllaunch(temp1.java:20)
at careers_360_test.temp1.geturllaunch(temp1.java:20)
at careers_360_test.temp1.geturllaunch(temp1.java:20)
at careers_360_test.temp1.geturllaunch(temp1.java:20)
at careers_360_test.temp1.geturllaunch(temp1.java:20)
at careers_360_test.temp1.geturllaunch(temp1.java:20)
at careers_360_test.temp1.geturllaunch(temp1.java:20)
at careers_360_test.temp1.geturllaunch(temp1.java:20)
at careers_360_test.temp1.geturllaunch(temp1.java:20)
]]>
    </failure>
  </testcase> <!-- @BeforeTest geturllaunch -->
  <testcase classname="careers_360_test.temp1" name="clickonQ_A" time="0.0">
    <skipped/>
  </testcase> <!-- clickonQ_A -->
</testsuite> <!-- IIT_Delhi_College_temp -->
