<?xml version="1.0" encoding="UTF-8"?>
<!-- Generated by org.testng.reporters.JUnitXMLReporter -->
<testsuite ignored="0" hostname="Kapil-A-QA" failures="0" tests="14" name="University_Signup_Page" time="26.072" errors="0" timestamp="2023-07-01T18:53:11 IST">
  <testcase classname="careers_360_test.University_Signup_test" name="click_On_Login" time="3.021"/>
  <testcase classname="careers_360_test.University_Signup_test" name="click_On_Frame" time="0.034"/>
  <testcase classname="careers_360_test.University_Signup_test" name="get_Signup_Text" time="0.025"/>
  <testcase classname="careers_360_test.University_Signup_test" name="click_On_Name" time="2.078"/>
  <testcase classname="careers_360_test.University_Signup_test" name="click_On_Email" time="2.1"/>
  <testcase classname="careers_360_test.University_Signup_test" name="click_On_Mobile" time="2.071"/>
  <testcase classname="careers_360_test.University_Signup_test" name="click_On_Study" time="0.191"/>
  <testcase classname="careers_360_test.University_Signup_test" name="click_On_Study_Option" time="0.317"/>
  <testcase classname="careers_360_test.University_Signup_test" name="click_On_Education" time="0.248"/>
  <testcase classname="careers_360_test.University_Signup_test" name="click_On_Edu_Option" time="0.242"/>
  <testcase classname="careers_360_test.University_Signup_test" name="get_Select_Year" time="0.215"/>
  <testcase classname="careers_360_test.University_Signup_test" name="click_On_Yrs_Option2" time="0.253"/>
  <testcase classname="careers_360_test.University_Signup_test" name="click_On_City" time="2.485"/>
  <testcase classname="careers_360_test.University_Signup_test" name="click_On_Signup" time="0.159"/>
</testsuite> <!-- University_Signup_Page -->
