<?xml version="1.0" encoding="UTF-8"?>
<!-- Generated by org.testng.reporters.JUnitXMLReporter -->
<testsuite ignored="0" hostname="Kapil-A-QA" failures="0" tests="9" name="University_Admission_Page" time="24.879" errors="0" timestamp="2023-06-30T13:11:26 IST">
  <testcase classname="careers_360_test.University_Admission_Test" name="clickon_Admission" time="6.824"/>
  <testcase classname="careers_360_test.University_Admission_Test" name="clickon_Enter_Page_Title" time="0.069"/>
  <testcase classname="careers_360_test.University_Admission_Test" name="clickon_Btech" time="0.234"/>
  <testcase classname="careers_360_test.University_Admission_Test" name="clickon_Jee_main" time="1.391"/>
  <testcase classname="careers_360_test.University_Admission_Test" name="clickon_M_Tech_Degree" time="0.29"/>
  <testcase classname="careers_360_test.University_Admission_Test" name="clickon_M_Des_Degree" time="0.323"/>
  <testcase classname="careers_360_test.University_Admission_Test" name="clickon_M_Sc_Degree" time="0.914"/>
  <testcase classname="careers_360_test.University_Admission_Test" name="clickon_MBA_Degree" time="0.999"/>
  <testcase classname="careers_360_test.University_Admission_Test" name="clickon_PHD_Degree" time="0.838"/>
</testsuite> <!-- University_Admission_Page -->
