<?xml version="1.0" encoding="UTF-8"?>
<!-- Generated by org.testng.reporters.JUnitXMLReporter -->
<testsuite ignored="0" hostname="Kapil-A-QA" failures="0" tests="5" name="CTA_Get_Placement_Page" time="32.887" errors="0" timestamp="2023-07-24T14:27:17 IST">
  <testcase classname="careers_360_test.CTA_Get_Placement_Test" name="clickon_Placement_Module" time="4.703"/>
  <testcase classname="careers_360_test.CTA_Get_Placement_Test" name="click_On_Get_Placement" time="2.179"/>
  <testcase classname="careers_360_test.CTA_Get_Placement_Test" name="click_On_Frame" time="0.602"/>
  <testcase classname="careers_360_test.CTA_Get_Placement_Test" name="get_Signup_Text" time="0.132"/>
  <testcase classname="careers_360_test.CTA_Get_Placement_Test" name="singin_details" time="10.645"/>
</testsuite> <!-- CTA_Get_Placement_Page -->
