<?xml version="1.0" encoding="UTF-8"?>
<!-- Generated by org.testng.reporters.JUnitXMLReporter -->
<testsuite ignored="0" hostname="Kapil-A-QA" failures="0" tests="5" name="CTA_Placement_Enquire_Page" time="28.527" errors="0" timestamp="2023-08-18T15:26:58 IST">
  <testcase classname="careers_360_test.CTA_Placement_Enquire_Test" name="clickon_Placement_Button" time="2.921"/>
  <testcase classname="careers_360_test.CTA_Placement_Enquire_Test" name="click_On_Enquire" time="2.274"/>
  <testcase classname="careers_360_test.CTA_Placement_Enquire_Test" name="click_On_Frame" time="0.04"/>
  <testcase classname="careers_360_test.CTA_Placement_Enquire_Test" name="get_Signup_Text" time="0.095"/>
  <testcase classname="careers_360_test.CTA_Placement_Enquire_Test" name="singin_details" time="9.19"/>
</testsuite> <!-- CTA_Placement_Enquire_Page -->
