<?xml version="1.0" encoding="UTF-8"?>
<!-- Generated by org.testng.reporters.JUnitXMLReporter -->
<testsuite ignored="0" hostname="Kapil-A-QA" failures="0" tests="2" name="University_Rankings_Highlights_Page" time="54.992" errors="0" timestamp="2023-08-21T11:02:54 IST">
  <testcase classname="careers_360_test.University_Rankings_Highlights_Test" name="scrollToChart" time="1.284"/>
  <testcase classname="careers_360_test.University_Rankings_Highlights_Test" name="clickOnDepartments" time="40.056"/>
</testsuite> <!-- University_Rankings_Highlights_Page -->
